build/outputs/logs/manifest-merger-debug-report.txt
-- Merging decision tree log ---
manifest
ADDED from src/main/AndroidManifest.xml:1:1-131:12
	xmlns:tools
		ADDED from src/main/AndroidManifest.xml:2:11-57
	xmlns:android
		ADDED from src/main/AndroidManifest.xml:1:11-69
	package
		ADDED from src/main/AndroidManifest.xml:3:11-54
		INJECTED from src/main/AndroidManifest.xml
		INJECTED from src/main/AndroidManifest.xml
	android:versionName
		INJECTED from src/main/AndroidManifest.xml
		INJECTED from src/main/AndroidManifest.xml
supports-screens
ADDED from src/main/AndroidManifest.xml:5:5-11:41
	android:largeScreens
		ADDED from src/main/AndroidManifest.xml:7:9-36
	android:anyDensity
		ADDED from src/main/AndroidManifest.xml:6:9-34
	android:normalScreens
		ADDED from src/main/AndroidManifest.xml:8:9-37
	android:xlargeScreens
		ADDED from src/main/AndroidManifest.xml:10:9-37
	android:smallScreens
		ADDED from src/main/AndroidManifest.xml:9:9-36
	tools:ignore
		ADDED from src/main/AndroidManifest.xml:11:9-39
uses-permission#android.permission.VIBRATE
ADDED from src/main/AndroidManifest.xml:14:5-65
	android:name
		ADDED from src/main/AndroidManifest.xml:14:22-63
uses-permission#android.permission.READ_USER_DICTIONARY
ADDED from src/main/AndroidManifest.xml:16:5-78
	android:name
		ADDED from src/main/AndroidManifest.xml:16:22-76
uses-permission#android.permission.WRITE_USER_DICTIONARY
ADDED from src/main/AndroidManifest.xml:17:5-79
	android:name
		ADDED from src/main/AndroidManifest.xml:17:22-77
uses-permission#android.permission.READ_CONTACTS
ADDED from src/main/AndroidManifest.xml:19:5-71
	android:name
		ADDED from src/main/AndroidManifest.xml:19:22-69
uses-permission#android.permission.WRITE_EXTERNAL_STORAGE
ADDED from src/main/AndroidManifest.xml:21:5-80
	android:name
		ADDED from src/main/AndroidManifest.xml:21:22-78
uses-feature#android.hardware.faketouch
ADDED from src/main/AndroidManifest.xml:25:5-62
	android:name
		ADDED from src/main/AndroidManifest.xml:25:19-60
uses-feature#android.hardware.touchscreen
ADDED from src/main/AndroidManifest.xml:26:5-89
	android:required
		ADDED from src/main/AndroidManifest.xml:26:19-43
	android:name
		ADDED from src/main/AndroidManifest.xml:26:44-87
uses-sdk
ADDED from src/main/AndroidManifest.xml:29:5-30:11
MERGED from [soft_keyboard:base:unspecified] AndroidManifest.xml:8:5-11:60
MERGED from [com.getkeepsafe.relinker:relinker:1.2.1] AndroidManifest.xml:7:5-43
MERGED from [com.github.AnySoftKeyboard:AnySoftKeyboard-API:1.3.5] AndroidManifest.xml:8:5-10:41
MERGED from [soft_keyboard:nextword:unspecified] AndroidManifest.xml:8:5-10:41
MERGED from [com.github.AnySoftKeyboard:AnySoftKeyboard-API:1.3.5] AndroidManifest.xml:8:5-10:41
MERGED from [com.android.support:support-v4:23.3.0] AndroidManifest.xml:20:5-43
MERGED from [soft_keyboard:base:unspecified] AndroidManifest.xml:8:5-11:60
MERGED from [com.getkeepsafe.relinker:relinker:1.2.1] AndroidManifest.xml:7:5-43
MERGED from [com.github.AnySoftKeyboard:AnySoftKeyboard-API:1.3.5] AndroidManifest.xml:8:5-10:41
MERGED from [soft_keyboard:jnidictionaryv1:unspecified] AndroidManifest.xml:8:5-10:41
MERGED from [com.github.AnySoftKeyboard:AnySoftKeyboard-API:1.3.5] AndroidManifest.xml:8:5-10:41
MERGED from [soft_keyboard:base:unspecified] AndroidManifest.xml:8:5-11:60
MERGED from [com.getkeepsafe.relinker:relinker:1.2.1] AndroidManifest.xml:7:5-43
MERGED from [com.github.AnySoftKeyboard:AnySoftKeyboard-API:1.3.5] AndroidManifest.xml:8:5-10:41
MERGED from [soft_keyboard:jnidictionaryv2:unspecified] AndroidManifest.xml:8:5-10:41
MERGED from [com.github.AnySoftKeyboard:AnySoftKeyboard-API:1.3.5] AndroidManifest.xml:8:5-10:41
MERGED from [soft_keyboard:base:unspecified] AndroidManifest.xml:8:5-11:60
MERGED from [com.getkeepsafe.relinker:relinker:1.2.1] AndroidManifest.xml:7:5-43
MERGED from [com.github.AnySoftKeyboard:AnySoftKeyboard-API:1.3.5] AndroidManifest.xml:8:5-10:41
MERGED from [com.github.AnySoftKeyboard:AnySoftKeyboard-API:1.3.5] AndroidManifest.xml:8:5-10:41
MERGED from [com.github.menny:FrankenRobot:1.1.5] AndroidManifest.xml:7:5-9:41
MERGED from [com.android.support:appcompat-v7:23.3.0] AndroidManifest.xml:21:5-23:78
MERGED from [com.android.support:support-vector-drawable:23.3.0] AndroidManifest.xml:5:5-43
MERGED from [com.android.support:support-v4:23.3.0] AndroidManifest.xml:20:5-43
MERGED from [com.android.support:animated-vector-drawable:23.3.0] AndroidManifest.xml:5:5-44
MERGED from [com.android.support:support-vector-drawable:23.3.0] AndroidManifest.xml:5:5-43
MERGED from [com.android.support:support-v4:23.3.0] AndroidManifest.xml:20:5-43
MERGED from [com.android.support:support-v4:23.3.0] AndroidManifest.xml:20:5-43
MERGED from [com.android.support:recyclerview-v7:23.3.0] AndroidManifest.xml:20:5-43
MERGED from [com.android.support:support-v4:23.3.0] AndroidManifest.xml:20:5-43
MERGED from [com.android.support:palette-v7:23.3.0] AndroidManifest.xml:20:5-43
MERGED from [com.android.support:support-v4:23.3.0] AndroidManifest.xml:20:5-43
MERGED from [com.jpardogo.materialtabstrip:library:1.1.0] AndroidManifest.xml:5:5-7:41
MERGED from [com.android.support:support-v4:23.3.0] AndroidManifest.xml:20:5-43
MERGED from [com.github.menny.Chauffeur:permissions:37ea0668afc7a63c6ea36f318741fb291fb2a20c] AndroidManifest.xml:8:5-10:41
MERGED from [com.github.menny.Chauffeur:lib:37ea0668afc7a63c6ea36f318741fb291fb2a20c] AndroidManifest.xml:8:5-10:41
	android:targetSdkVersion
		INJECTED from src/main/AndroidManifest.xml
		INJECTED from src/main/AndroidManifest.xml
	android:minSdkVersion
		INJECTED from src/main/AndroidManifest.xml
		INJECTED from src/main/AndroidManifest.xml
	tools:overrideLibrary
		ADDED from src/main/AndroidManifest.xml:29:15-71
application
ADDED from src/main/AndroidManifest.xml:32:5-129:19
MERGED from [com.android.support:support-v4:23.3.0] AndroidManifest.xml:22:5-20
MERGED from [com.github.menny:FrankenRobot:1.1.5] AndroidManifest.xml:11:5-12:19
MERGED from [com.android.support:appcompat-v7:23.3.0] AndroidManifest.xml:25:5-20
MERGED from [com.android.support:support-vector-drawable:23.3.0] AndroidManifest.xml:7:5-20
MERGED from [com.android.support:support-v4:23.3.0] AndroidManifest.xml:22:5-20
MERGED from [com.android.support:animated-vector-drawable:23.3.0] AndroidManifest.xml:7:5-20
MERGED from [com.android.support:support-vector-drawable:23.3.0] AndroidManifest.xml:7:5-20
MERGED from [com.android.support:support-v4:23.3.0] AndroidManifest.xml:22:5-20
MERGED from [com.android.support:support-v4:23.3.0] AndroidManifest.xml:22:5-20
MERGED from [com.android.support:support-v4:23.3.0] AndroidManifest.xml:22:5-20
MERGED from [com.android.support:palette-v7:23.3.0] AndroidManifest.xml:22:5-23:19
MERGED from [com.android.support:support-v4:23.3.0] AndroidManifest.xml:22:5-20
MERGED from [com.jpardogo.materialtabstrip:library:1.1.0] AndroidManifest.xml:9:5-20
MERGED from [com.android.support:support-v4:23.3.0] AndroidManifest.xml:22:5-20
	android:label
		ADDED from src/main/AndroidManifest.xml:40:9-41
	android:allowBackup
		ADDED from src/main/AndroidManifest.xml:34:9-35
	android:icon
		ADDED from src/main/AndroidManifest.xml:38:9-45
	android:theme
		ADDED from src/main/AndroidManifest.xml:42:9-44
	android:hardwareAccelerated
		ADDED from src/main/AndroidManifest.xml:37:9-43
	android:backupAgent
		ADDED from src/main/AndroidManifest.xml:36:9-72
	android:restoreAnyVersion
		ADDED from src/main/AndroidManifest.xml:41:9-41
	android:installLocation
		ADDED from src/main/AndroidManifest.xml:39:9-47
	android:name
		ADDED from src/main/AndroidManifest.xml:33:9-39
	tools:ignore
		ADDED from src/main/AndroidManifest.xml:43:9-64
	android:fullBackupContent
		ADDED from src/main/AndroidManifest.xml:35:9-41
meta-data#com.google.android.backup.api_key
ADDED from src/main/AndroidManifest.xml:46:9-48:81
	android:name
		ADDED from src/main/AndroidManifest.xml:47:13-61
	android:value
		ADDED from src/main/AndroidManifest.xml:48:13-79
service#com.menny.android.anysoftkeyboard.SoftKeyboard
ADDED from src/main/AndroidManifest.xml:51:9-61:19
	android:permission
		ADDED from src/main/AndroidManifest.xml:53:13-70
	android:name
		ADDED from src/main/AndroidManifest.xml:52:13-41
intent-filter#android.view.InputMethod
ADDED from src/main/AndroidManifest.xml:54:13-56:29
action#android.view.InputMethod
ADDED from src/main/AndroidManifest.xml:55:17-66
	android:name
		ADDED from src/main/AndroidManifest.xml:55:25-64
meta-data#android.view.im
ADDED from src/main/AndroidManifest.xml:58:13-60:49
	android:resource
		ADDED from src/main/AndroidManifest.xml:60:17-47
	android:name
		ADDED from src/main/AndroidManifest.xml:59:17-47
activity#com.menny.android.anysoftkeyboard.LauncherSettingsActivity
ADDED from src/main/AndroidManifest.xml:67:9-78:20
	android:label
		ADDED from src/main/AndroidManifest.xml:72:13-45
	android:icon
		ADDED from src/main/AndroidManifest.xml:70:13-58
	android:theme
		ADDED from src/main/AndroidManifest.xml:68:13-48
	android:name
		ADDED from src/main/AndroidManifest.xml:69:13-86
	android:launchMode
		ADDED from src/main/AndroidManifest.xml:71:13-43
intent-filter#android.intent.action.MAIN+android.intent.category.LAUNCHER
ADDED from src/main/AndroidManifest.xml:73:13-77:29
action#android.intent.action.MAIN
ADDED from src/main/AndroidManifest.xml:74:17-68
	android:name
		ADDED from src/main/AndroidManifest.xml:74:25-66
category#android.intent.category.LAUNCHER
ADDED from src/main/AndroidManifest.xml:76:17-76
	android:name
		ADDED from src/main/AndroidManifest.xml:76:27-74
activity#com.anysoftkeyboard.ui.settings.MainSettingsActivity
ADDED from src/main/AndroidManifest.xml:79:9-86:20
	android:windowSoftInputMode
		ADDED from src/main/AndroidManifest.xml:84:13-52
	android:label
		ADDED from src/main/AndroidManifest.xml:85:13-45
	android:icon
		ADDED from src/main/AndroidManifest.xml:82:13-58
	android:theme
		ADDED from src/main/AndroidManifest.xml:80:13-48
	android:name
		ADDED from src/main/AndroidManifest.xml:81:13-80
	android:launchMode
		ADDED from src/main/AndroidManifest.xml:83:13-44
activity#com.anysoftkeyboard.ui.tutorials.TestersNoticeActivity
ADDED from src/main/AndroidManifest.xml:88:9-94:20
	android:label
		ADDED from src/main/AndroidManifest.xml:91:13-52
	android:icon
		ADDED from src/main/AndroidManifest.xml:90:13-49
	android:theme
		ADDED from src/main/AndroidManifest.xml:93:13-54
	android:name
		ADDED from src/main/AndroidManifest.xml:89:13-82
	android:launchMode
		ADDED from src/main/AndroidManifest.xml:92:13-43
activity#com.anysoftkeyboard.ui.SendBugReportUiActivity
ADDED from src/main/AndroidManifest.xml:96:9-101:20
	android:label
		ADDED from src/main/AndroidManifest.xml:100:13-45
	android:icon
		ADDED from src/main/AndroidManifest.xml:99:13-49
	android:theme
		ADDED from src/main/AndroidManifest.xml:97:13-56
	android:name
		ADDED from src/main/AndroidManifest.xml:98:13-74
service#com.google.android.voiceime.ServiceHelper
ADDED from src/main/AndroidManifest.xml:103:9-76
	android:name
		ADDED from src/main/AndroidManifest.xml:103:18-74
activity#com.google.android.voiceime.ActivityHelper
ADDED from src/main/AndroidManifest.xml:105:9-114:85
	android:windowSoftInputMode
		ADDED from src/main/AndroidManifest.xml:109:13-60
	android:configChanges
		ADDED from src/main/AndroidManifest.xml:114:13-83
	android:theme
		ADDED from src/main/AndroidManifest.xml:107:13-72
	android:clearTaskOnLaunch
		ADDED from src/main/AndroidManifest.xml:112:13-45
	android:excludeFromRecents
		ADDED from src/main/AndroidManifest.xml:108:13-46
	android:name
		ADDED from src/main/AndroidManifest.xml:106:13-70
	android:finishOnTaskLaunch
		ADDED from src/main/AndroidManifest.xml:110:13-46
	android:launchMode
		ADDED from src/main/AndroidManifest.xml:113:13-48
	android:documentLaunchMode
		ADDED from src/main/AndroidManifest.xml:111:13-47
activity#com.anysoftkeyboard.ui.VoiceInputNotInstalledActivity
ADDED from src/main/AndroidManifest.xml:115:9-119:47
	android:label
		ADDED from src/main/AndroidManifest.xml:119:13-45
	android:icon
		ADDED from src/main/AndroidManifest.xml:118:13-49
	android:theme
		ADDED from src/main/AndroidManifest.xml:117:13-72
	android:name
		ADDED from src/main/AndroidManifest.xml:116:13-81
service#keyboardAuthenticationInterface.KeyboardAuthenticationService
ADDED from src/main/AndroidManifest.xml:122:9-128:19
	android:exported
		ADDED from src/main/AndroidManifest.xml:124:13-38
	android:name
		ADDED from src/main/AndroidManifest.xml:123:13-91
intent-filter#keyboardAuthenticationInterface.KeyboardAuthenticationService
ADDED from src/main/AndroidManifest.xml:125:13-127:29
action#keyboardAuthenticationInterface.KeyboardAuthenticationService
ADDED from src/main/AndroidManifest.xml:126:17-104
	android:name
		ADDED from src/main/AndroidManifest.xml:126:25-101